<?xml version="1.0" encoding="UTF-8"?>
<!-- Generated by org.testng.reporters.JUnitReportReporter -->
<testsuite hostname="Manul-W" failures="0" tests="3" name="listeners.TestNGListenersTest2" time="0.009" errors="0" timestamp="2021-05-26T14:57:23 IST" skipped="1">
  <testcase classname="listeners.TestNGListenersTest2" name="test5" time="0.004"/>
  <system-out/>
  <testcase classname="listeners.TestNGListenersTest2" name="test6" time="0.002">
    <skipped/>
  </testcase> <!-- test6 -->
  <system-out/>
  <testcase classname="listeners.TestNGListenersTest2" name="test4" time="0.003"/>
  <system-out/>
</testsuite> <!-- listeners.TestNGListenersTest2 -->
